This is METAFONT, Version 2.7182818 (TeX Live 2015) (preloaded base=mf 2015.12.10)  12 FEB 2016 14:49
**amplitud.f90 curve3d.f90 evolve.f90 fftrans.f90 fixarray.f90 funct.f90 getang
le.f90 inguess.f90 interpolate_boundary.f90 mod_curve3d.f90 mod_konst.f90 order
.f90 printit.f90 readin.f90 restart.f90 scrunch.f90 src/
(amplitud.f90
>> subroutine.amplitud
! Isolated expression.
<to be read again> 
                   (
l.1 subroutine amplitud(
                        rcenter,zcenter,angin,rmc,rms,zmc,zms,xpts,xin,yin)
? q
OK, entering batchmode...
! Extra tokens will be flushed.
<to be read again> 
                   (
l.1 subroutine amplitud(
                        rcenter,zcenter,angin,rmc,rms,zmc,zms,xpts,xin,yin)
I've just read as much of that statement as I could fathom,
so a semicolon should have been next. It's very puzzling...
but I'll try to get myself back together, by ignoring
everything up to the next `;'. Please insert a semicolon
now in front of anything that you don't want me to delete.
(See Chapter 27 of The METAFONTbook for an example.)

! Extra tokens will be flushed.
<to be read again> 
                   (
l.23    rmc(
            1) = rcenter
I've just read as much of that statement as I could fathom,
so a semicolon should have been next. It's very puzzling...
but I'll try to get myself back together, by ignoring
everything up to the next `;'. Please insert a semicolon
now in front of anything that you don't want me to delete.
(See Chapter 27 of The METAFONTbook for an example.)

! Forbidden token found while scanning to the end of the statement.
<inserted text> 
                ;
<to be read again> 
                   end
l.36       end
               do
A previous error seems to have propagated,
causing me to read past where you wanted me to stop.
I'll try to recover; but if the error is serious,
you'd better type `E' or `X' now and fix your file.

 )
